<?xml version="1.0" encoding="UTF-8"?>
<!-- Generated by org.testng.reporters.JUnitReportReporter -->
<testsuite skipped="0" hostname="Mouneesh-PC" name="org.acme.qa.testcases.InvoiceNumberTestCases" tests="1" failures="0" timestamp="2019-11-16T22:38:14 IST" time="16.075" errors="0">
  <testcase name="runInvoiceNumberFindTestCases" time="16.075" classname="org.acme.qa.testcases.InvoiceNumberTestCases"/>
</testsuite> <!-- org.acme.qa.testcases.InvoiceNumberTestCases -->
