<?xml version="1.0" encoding="UTF-8"?>
<!-- Generated by org.testng.reporters.JUnitReportReporter -->
<testsuite skipped="0" hostname="Mouneesh-PC" name="org.acme.qa.testcases.InvoiceNumberTestCases" tests="1" failures="0" timestamp="2019-11-16T16:42:59 IST" time="20.769" errors="0">
  <testcase name="runInvoiceNumberFindTestCases" time="20.769" classname="org.acme.qa.testcases.InvoiceNumberTestCases"/>
</testsuite> <!-- org.acme.qa.testcases.InvoiceNumberTestCases -->
